<?xml version="1.0" encoding="UTF-8"?>
<testsuite xmlns:xsi="http://www.w3.org/2001/XMLSchema-instance" xsi:noNamespaceSchemaLocation="https://maven.apache.org/surefire/maven-surefire-plugin/xsd/surefire-test-report-3.0.xsd" version="3.0" name="TestSuite" time="53.728" tests="2" errors="0" skipped="0" failures="1">
  <properties>
[...]
</properties>
  <testcase name="testCareerPageSectionsVisible" classname="tests.InsiderTest" time="15.022">
    <system-out><![CDATA[Step 1: Visiting https://useinsider.com/ and verifying that the home page is opened...
Step 2: Navigating to the Careers page from the Company menu...
Step 3: Verifying that the 'Teams' section is visible on the Careers page...
Step 4: Verifying that the 'Locations' section is visible on the Careers page...
Step 5: Verifying that the 'Life at Insider' section is visible on the Careers page...
]]></system-out>
    <system-err><![CDATA[SLF4J: Failed to load class "org.slf4j.impl.StaticLoggerBinder".
SLF4J: Defaulting to no-operation (NOP) logger implementation
SLF4J: See http://www.slf4j.org/codes.html#StaticLoggerBinder for further details.
Haz 02, 2025 4:06:27 ÖÖ org.openqa.selenium.devtools.CdpVersionFinder findNearestMatch
WARNING: Unable to find CDP implementation matching 137
Haz 02, 2025 4:06:27 ÖÖ org.openqa.selenium.chromium.ChromiumDriver lambda$new$5
WARNING: Unable to find version of CDP to use for 137.0.7151.55. You may need to include a dependency on a specific version of the CDP using something similar to `org.seleniumhq.selenium:selenium-devtools-v86:4.19.1` where the version ("v86") matches the version of the chromium-based browser you're using and the version number of the artifact is the same as Selenium's.
]]></system-err>
  </testcase>
  <testcase name="testQAJobsFlow" classname="tests.InsiderTest" time="23.454">
    <failure message="Expected condition failed: waiting for element to be clickable: By.xpath: //li[contains(@class,&apos;select2-results__option&apos;) and normalize-space(text())=&apos;Istanbul, Turkiye&apos;] (tried for 3 second(s) with 500 milliseconds interval)&#10;Build info: version: &apos;4.19.1&apos;, revision: &apos;abe0ee07dc&apos;&#10;System info: os.name: &apos;Windows 10&apos;, os.arch: &apos;amd64&apos;, os.version: &apos;10.0&apos;, java.version: &apos;24.0.1&apos;&#10;Driver info: org.openqa.selenium.chrome.ChromeDriver&#10;Capabilities {acceptInsecureCerts: false, browserName: chrome, browserVersion: 137.0.7151.55, chrome: {chromedriverVersion: 137.0.7151.55 (254bc711794d..., userDataDir: C:\Users\bakir\AppData\Loca...}, fedcm:accounts: true, goog:chromeOptions: {debuggerAddress: localhost:61477}, networkConnectionEnabled: false, pageLoadStrategy: normal, platformName: windows, proxy: Proxy(), se:cdp: ws://localhost:61477/devtoo..., se:cdpVersion: 137.0.7151.55, setWindowRect: true, strictFileInteractability: false, timeouts: {implicit: 0, pageLoad: 300000, script: 30000}, unhandledPromptBehavior: dismiss and notify, webauthn:extension:credBlob: true, webauthn:extension:largeBlob: true, webauthn:extension:minPinLength: true, webauthn:extension:prf: true, webauthn:virtualAuthenticators: true}&#10;Session ID: 35d4c646e34e97df190d0291dd7cf00f" type="org.openqa.selenium.TimeoutException"><![CDATA[org.openqa.selenium.TimeoutException: 
Expected condition failed: waiting for element to be clickable: By.xpath: //li[contains(@class,'select2-results__option') and normalize-space(text())='Istanbul, Turkiye'] (tried for 3 second(s) with 500 milliseconds interval)
Build info: version: '4.19.1', revision: 'abe0ee07dc'
System info: os.name: 'Windows 10', os.arch: 'amd64', os.version: '10.0', java.version: '24.0.1'
Driver info: org.openqa.selenium.chrome.ChromeDriver
Capabilities {acceptInsecureCerts: false, browserName: chrome, browserVersion: 137.0.7151.55, chrome: {chromedriverVersion: 137.0.7151.55 (254bc711794d..., userDataDir: C:\Users\bakir\AppData\Loca...}, fedcm:accounts: true, goog:chromeOptions: {debuggerAddress: localhost:61477}, networkConnectionEnabled: false, pageLoadStrategy: normal, platformName: windows, proxy: Proxy(), se:cdp: ws://localhost:61477/devtoo..., se:cdpVersion: 137.0.7151.55, setWindowRect: true, strictFileInteractability: false, timeouts: {implicit: 0, pageLoad: 300000, script: 30000}, unhandledPromptBehavior: dismiss and notify, webauthn:extension:credBlob: true, webauthn:extension:largeBlob: true, webauthn:extension:minPinLength: true, webauthn:extension:prf: true, webauthn:virtualAuthenticators: true}
Session ID: 35d4c646e34e97df190d0291dd7cf00f
	at tests.InsiderTest.testQAJobsFlow(InsiderTest.java:90)
]]></failure>
    <system-out><![CDATA[Step 1: Visiting https://useinsider.com/ and verifying that the home page is opened...
Step 2: Navigating to the Careers page from the Company menu...
Step 6: Scrolling down to the QA section...
Step 7: Navigating to https://useinsider.com/careers/quality-assurance/...
Step 8: Clicking the 'See all QA jobs' button...
Step 9: Filtering jobs by Location: 'Istanbul, Turkey' and Department: 'Quality Assurance'...
Starting filtering process for Location and Department...
]]></system-out>
    <system-err><![CDATA[Haz 02, 2025 4:06:50 ÖÖ org.openqa.selenium.devtools.CdpVersionFinder findNearestMatch
WARNING: Unable to find CDP implementation matching 137
Haz 02, 2025 4:06:50 ÖÖ org.openqa.selenium.chromium.ChromiumDriver lambda$new$5
WARNING: Unable to find version of CDP to use for 137.0.7151.55. You may need to include a dependency on a specific version of the CDP using something similar to `org.seleniumhq.selenium:selenium-devtools-v86:4.19.1` where the version ("v86") matches the version of the chromium-based browser you're using and the version number of the artifact is the same as Selenium's.
]]></system-err>
  </testcase>
</testsuite>